<?xml version="1.0" encoding="UTF-8"?>
<!-- Generated by org.testng.reporters.JUnitReportReporter -->
<testsuite skipped="0" hostname="INLN50946684A" name="com.sap.dcs.automation.TicketCreationNew" tests="1" failures="0" timestamp="05 Jan 2018 16:37:13 GMT" time="83.042" errors="0">
  <testcase name="main" time="83.042" classname="com.sap.dcs.automation.TicketCreationNew"/>
</testsuite> <!-- com.sap.dcs.automation.TicketCreationNew -->
